c:\users\david\documents\github\openframeworksml-ver1_0\obj\debug\ofxoscreceiver.obj
c:\users\david\documents\github\openframeworksml-ver1_0\obj\debug\oscoutboundpacketstream.obj
c:\users\david\documents\github\openframeworksml-ver1_0\obj\debug\oscreceivedelements.obj
c:\users\david\documents\github\openframeworksml-ver1_0\obj\debug\osctypes.obj
c:\users\david\documents\github\openframeworksml-ver1_0\obj\debug\logisticregression.obj
c:\users\david\documents\github\openframeworksml-ver1_0\obj\debug\ofapp.obj
c:\users\david\documents\github\openframeworksml-ver1_0\obj\debug\ofxoscmessage.obj
c:\users\david\documents\github\openframeworksml-ver1_0\obj\debug\ofxoscsender.obj
c:\users\david\documents\github\openframeworksml-ver1_0\obj\debug\ofxoscparametersync.obj
c:\users\david\documents\github\openframeworksml-ver1_0\obj\debug\networkingutils.obj
c:\users\david\documents\github\openframeworksml-ver1_0\obj\debug\oscprintreceivedelements.obj
c:\users\david\documents\github\openframeworksml-ver1_0\obj\debug\neuralnetworks.obj
c:\users\david\documents\github\openframeworksml-ver1_0\obj\debug\svm.obj
c:\users\david\documents\github\openframeworksml-ver1_0\obj\debug\utils.obj
c:\users\david\documents\github\openframeworksml-ver1_0\obj\debug\ofxoscbundle.obj
c:\users\david\documents\github\openframeworksml-ver1_0\obj\debug\ipendpointname.obj
c:\users\david\documents\github\openframeworksml-ver1_0\obj\debug\udpsocket.obj
c:\users\david\documents\github\openframeworksml-ver1_0\obj\debug\main.obj
c:\users\david\documents\github\openframeworksml-ver1_0\obj\debug\vc140.pdb
c:\users\david\documents\github\openframeworksml-ver1_0\obj\debug\icon.res
c:\users\david\documents\github\openframeworksml-ver1_0\obj\debug\openframeworksml-ver1_0.vcxprojresolveassemblyreference.cache
c:\users\david\documents\github\openframeworksml-ver1_0\obj\debug\openfram.7fd42df7.tlog\cl.command.1.tlog
c:\users\david\documents\github\openframeworksml-ver1_0\obj\debug\openfram.7fd42df7.tlog\cl.read.1.tlog
c:\users\david\documents\github\openframeworksml-ver1_0\obj\debug\openfram.7fd42df7.tlog\cl.write.1.tlog
c:\users\david\documents\github\openframeworksml-ver1_0\obj\debug\openfram.7fd42df7.tlog\link-cvtres.read.1.tlog
c:\users\david\documents\github\openframeworksml-ver1_0\obj\debug\openfram.7fd42df7.tlog\link-cvtres.write.1.tlog
c:\users\david\documents\github\openframeworksml-ver1_0\obj\debug\openfram.7fd42df7.tlog\link-rc.read.1.tlog
c:\users\david\documents\github\openframeworksml-ver1_0\obj\debug\openfram.7fd42df7.tlog\link-rc.write.1.tlog
c:\users\david\documents\github\openframeworksml-ver1_0\obj\debug\openfram.7fd42df7.tlog\link.command.1.tlog
c:\users\david\documents\github\openframeworksml-ver1_0\obj\debug\openfram.7fd42df7.tlog\link.read.1.tlog
c:\users\david\documents\github\openframeworksml-ver1_0\obj\debug\openfram.7fd42df7.tlog\link.write.1.tlog
c:\users\david\documents\github\openframeworksml-ver1_0\obj\debug\openfram.7fd42df7.tlog\rc.command.1.tlog
c:\users\david\documents\github\openframeworksml-ver1_0\obj\debug\openfram.7fd42df7.tlog\rc.read.1.tlog
c:\users\david\documents\github\openframeworksml-ver1_0\obj\debug\openfram.7fd42df7.tlog\rc.write.1.tlog
