c:\users\david\documents\github\openframeworksml-ver1_0\obj\release\ofxoscreceiver.obj
c:\users\david\documents\github\openframeworksml-ver1_0\obj\release\oscprintreceivedelements.obj
c:\users\david\documents\github\openframeworksml-ver1_0\obj\release\neuralnetworks.obj
c:\users\david\documents\github\openframeworksml-ver1_0\obj\release\svm.obj
c:\users\david\documents\github\openframeworksml-ver1_0\obj\release\utils.obj
c:\users\david\documents\github\openframeworksml-ver1_0\obj\release\ofxoscbundle.obj
c:\users\david\documents\github\openframeworksml-ver1_0\obj\release\ipendpointname.obj
c:\users\david\documents\github\openframeworksml-ver1_0\obj\release\networkingutils.obj
c:\users\david\documents\github\openframeworksml-ver1_0\obj\release\oscoutboundpacketstream.obj
c:\users\david\documents\github\openframeworksml-ver1_0\obj\release\oscreceivedelements.obj
c:\users\david\documents\github\openframeworksml-ver1_0\obj\release\osctypes.obj
c:\users\david\documents\github\openframeworksml-ver1_0\obj\release\logisticregression.obj
c:\users\david\documents\github\openframeworksml-ver1_0\obj\release\ofapp.obj
c:\users\david\documents\github\openframeworksml-ver1_0\obj\release\ofxoscparametersync.obj
c:\users\david\documents\github\openframeworksml-ver1_0\obj\release\udpsocket.obj
c:\users\david\documents\github\openframeworksml-ver1_0\obj\release\main.obj
c:\users\david\documents\github\openframeworksml-ver1_0\obj\release\ofxoscmessage.obj
c:\users\david\documents\github\openframeworksml-ver1_0\obj\release\ofxoscsender.obj
c:\users\david\documents\github\openframeworksml-ver1_0\obj\release\vc140.pdb
c:\users\david\documents\github\openframeworksml-ver1_0\obj\release\icon.res
c:\users\david\documents\github\openframeworksml-ver1_0\obj\release\openframeworksml-ver1_0.vcxprojresolveassemblyreference.cache
c:\users\david\documents\github\openframeworksml-ver1_0\obj\release\openfram.7fd42df7.tlog\cl.command.1.tlog
c:\users\david\documents\github\openframeworksml-ver1_0\obj\release\openfram.7fd42df7.tlog\cl.read.1.tlog
c:\users\david\documents\github\openframeworksml-ver1_0\obj\release\openfram.7fd42df7.tlog\cl.write.1.tlog
c:\users\david\documents\github\openframeworksml-ver1_0\obj\release\openfram.7fd42df7.tlog\link.command.1.tlog
c:\users\david\documents\github\openframeworksml-ver1_0\obj\release\openfram.7fd42df7.tlog\link.read.1.tlog
c:\users\david\documents\github\openframeworksml-ver1_0\obj\release\openfram.7fd42df7.tlog\link.write.1.tlog
c:\users\david\documents\github\openframeworksml-ver1_0\obj\release\openfram.7fd42df7.tlog\rc.command.1.tlog
c:\users\david\documents\github\openframeworksml-ver1_0\obj\release\openfram.7fd42df7.tlog\rc.read.1.tlog
c:\users\david\documents\github\openframeworksml-ver1_0\obj\release\openfram.7fd42df7.tlog\rc.write.1.tlog
